<?xml version="1.0" encoding="UTF-8"?>
<!-- Generated by org.testng.reporters.JUnitXMLReporter -->
<testsuite ignored="0" hostname="Jayamala-PC" failures="1" tests="1" name="Regression" time="37.588" errors="0" timestamp="08 Jul 2018 14:59:41 GMT">
  <testcase classname="com.edureka.testscripts.FlipcartShopping" name="Tc01" time="26.353">
    <failure type="java.lang.AssertionError" message="null">
      <![CDATA[java.lang.AssertionError: null
at com.deureka.pom.EdurekaFilpcart.InvalidEmailMobile(EdurekaFilpcart.java:148)
at com.edureka.testscripts.FlipcartShopping.Tc01(FlipcartShopping.java:36)
... Removed 28 stack frames]]>
    </failure>
  </testcase> <!-- Tc01 -->
</testsuite> <!-- Regression -->
